2024-10-02T09:33:26+00:00 DEBUG POST: https://ads.tiktok.com/marketing_api/api/developer/app/create_auto_approve/

{"business_platform":"PROD","smb_id":"tt4b_woocommerce_66fd136667351httplocalhost8082wp-admin","smb_name":"PROD","redirect_url":"http:\/\/localhost:8082\/wp-admin\/"}
 ajax: no
2024-10-02T09:33:26+00:00 DEBUG Tt4b_Mapi_Class::create_open_source_app: Response: 

HTTP/1.1 200 OK
Content-Type: application/json
X-Tt-Logid: 20241002093325F495313EAE0A4C08457E,20241002093325F495313EAE0A4C08457E
Strict-Transport-Security: max-age=31536000; includeSubDomains
x-tt-trace-host: 016201a0fb7f3b2cfcd80dd0f0785b805123c07904fc272208ea3341b4cf6bba88f5cd919dad80f34ce4812c2bbcdd07c26f358561e101b50aa04eba1d273ba8349d05f5ff561cde1ed2d8dba417a30d3e8075aff834ec4e01ced4091bce35ad1344f55510a3b5a820fa7f1be476f208a6
x-tt-trace-id: 00-241002093325F495313EAE0A4C08457E-7DD2F58F3BAD1DC9-00
Server: TLB
Content-Encoding: gzip
Content-Length: 202
X-Origin-Response-Time: 50,23.48.107.62
X-Akamai-Request-ID: 833465ba.5766afed
Date: Wed, 02 Oct 2024 09:33:27 GMT
X-Cache: TCP_MISS from a23-62-23-176.deploy.akamaitechnologies.com (AkamaiGHost/11.6.4-e26983a004e229b4ffa935b6e3b2fe8f) (-)
Connection: close
Vary: Accept-Encoding
X-Cache-Remote: TCP_MISS from a23-48-107-62.deploy.akamaitechnologies.com (AkamaiGHost/11.6.4-e26983a004e229b4ffa935b6e3b2fe8f) (-)
x-tt-trace-tag: id=16;cdn-cache=miss;type=dyn
Server-Timing: cdn-cache; desc=MISS, edge; dur=209, origin; dur=50
Server-Timing: inner; dur=44
X-Parent-Response-Time: 258,23.62.23.176

{"code":0,"msg":"ok","data":{"redirect_uri":"http:\/\/localhost:8082\/wp-admin\/","external_data_key":"43bce65d-68f6-4304-bb61-42e6dc8de555","app_secret":"4acb52d22880ebcaf3916387ffc1461d88069e71","app_id":"7421109093537939463"}}
